Unity/Library/Bee/Android/Prj/IL2CPP/Gradle/launcher/build/intermediates/manifest_merge_blame_file/release/processReleaseMainManifest/manifest-merger-blame-release-report.txt
1<?xml version="1.0" encoding="utf-8"?>
2<manifest xmlns:android="http://schemas.android.com/apk/res/android"
3    package="com.simon.simpybigtwo"
4    android:installLocation="preferExternal"
5    android:versionCode="1"
6    android:versionName="2.0" >
7
8    <uses-sdk
9        android:minSdkVersion="25"
10        android:targetSdkVersion="36" />
11
12    <supports-screens
12-->src/main/AndroidManifest.xml:4:3-163
13        android:anyDensity="true"
13-->src/main/AndroidManifest.xml:4:135-160
14        android:largeScreens="true"
14-->src/main/AndroidManifest.xml:4:78-105
15        android:normalScreens="true"
15-->src/main/AndroidManifest.xml:4:49-77
16        android:smallScreens="true"
16-->src/main/AndroidManifest.xml:4:21-48
17        android:xlargeScreens="true" />
17-->src/main/AndroidManifest.xml:4:106-134
18
19    <uses-permission android:name="android.permission.INTERNET" />
19-->[:unityLibrary] AndroidManifest.xml:8:5-67
19-->[:unityLibrary] AndroidManifest.xml:8:22-64
20
21    <uses-feature android:glEsVersion="0x00030000" />
21-->[:unityLibrary] AndroidManifest.xml:10:5-54
21-->[:unityLibrary] AndroidManifest.xml:10:19-51
22    <uses-feature
22-->[:unityLibrary] AndroidManifest.xml:11:5-13:36
23        android:name="android.hardware.vulkan.version"
23-->[:unityLibrary] AndroidManifest.xml:12:9-55
24        android:required="false" />
24-->[:unityLibrary] AndroidManifest.xml:13:9-33
25    <uses-feature
25-->[:unityLibrary] AndroidManifest.xml:14:5-16:36
26        android:name="android.hardware.touchscreen"
26-->[:unityLibrary] AndroidManifest.xml:15:9-52
27        android:required="false" />
27-->[:unityLibrary] AndroidManifest.xml:16:9-33
28
29    <permission
29-->[androidx.core:core:1.9.0] AndroidManifest.xml:22:5-24:47
30        android:name="com.simon.simpybigtwo.DYNAMIC_RECEIVER_NOT_EXPORTED_PERMISSION"
30-->[androidx.core:core:1.9.0] AndroidManifest.xml:23:9-81
31        android:protectionLevel="signature" />
31-->[androidx.core:core:1.9.0] AndroidManifest.xml:24:9-44
32
33    <uses-permission android:name="com.simon.simpybigtwo.DYNAMIC_RECEIVER_NOT_EXPORTED_PERMISSION" />
33-->[androidx.core:core:1.9.0] AndroidManifest.xml:26:5-97
33-->[androidx.core:core:1.9.0] AndroidManifest.xml:26:22-94
34
35    <application
35-->src/main/AndroidManifest.xml:3:3-83
36        android:appCategory="game"
36-->[:unityLibrary] AndroidManifest.xml:19:9-35
37        android:appComponentFactory="androidx.core.app.CoreComponentFactory"
37-->[androidx.core:core:1.9.0] AndroidManifest.xml:28:18-86
38        android:enableOnBackInvokedCallback="true"
38-->[:unityLibrary] AndroidManifest.xml:20:9-51
39        android:extractNativeLibs="true"
40        android:icon="@mipmap/app_icon"
40-->src/main/AndroidManifest.xml:3:16-47
41        android:label="@string/app_name" >
41-->src/main/AndroidManifest.xml:3:48-80
42        <meta-data
42-->[:unityLibrary] AndroidManifest.xml:22:9-24:33
43            android:name="unity.splash-mode"
43-->[:unityLibrary] AndroidManifest.xml:23:13-45
44            android:value="0" />
44-->[:unityLibrary] AndroidManifest.xml:24:13-30
45        <meta-data
45-->[:unityLibrary] AndroidManifest.xml:25:9-27:36
46            android:name="unity.splash-enable"
46-->[:unityLibrary] AndroidManifest.xml:26:13-47
47            android:value="True" />
47-->[:unityLibrary] AndroidManifest.xml:27:13-33
48        <meta-data
48-->[:unityLibrary] AndroidManifest.xml:28:9-30:36
49            android:name="unity.launch-fullscreen"
49-->[:unityLibrary] AndroidManifest.xml:29:13-51
50            android:value="True" />
50-->[:unityLibrary] AndroidManifest.xml:30:13-33
51        <meta-data
51-->[:unityLibrary] AndroidManifest.xml:31:9-33:36
52            android:name="unity.render-outside-safearea"
52-->[:unityLibrary] AndroidManifest.xml:32:13-57
53            android:value="True" />
53-->[:unityLibrary] AndroidManifest.xml:33:13-33
54        <meta-data
54-->[:unityLibrary] AndroidManifest.xml:34:9-36:50
55            android:name="notch.config"
55-->[:unityLibrary] AndroidManifest.xml:35:13-40
56            android:value="portrait|landscape" />
56-->[:unityLibrary] AndroidManifest.xml:36:13-47
57        <meta-data
57-->[:unityLibrary] AndroidManifest.xml:37:9-39:36
58            android:name="unity.auto-report-fully-drawn"
58-->[:unityLibrary] AndroidManifest.xml:38:13-57
59            android:value="true" />
59-->[:unityLibrary] AndroidManifest.xml:39:13-33
60        <meta-data
60-->[:unityLibrary] AndroidManifest.xml:40:9-42:36
61            android:name="unity.strip-engine-code"
61-->[:unityLibrary] AndroidManifest.xml:41:13-51
62            android:value="true" />
62-->[:unityLibrary] AndroidManifest.xml:42:13-33
63        <meta-data
63-->[:unityLibrary] AndroidManifest.xml:43:9-45:36
64            android:name="unity.auto-set-game-state"
64-->[:unityLibrary] AndroidManifest.xml:44:13-53
65            android:value="true" />
65-->[:unityLibrary] AndroidManifest.xml:45:13-33
66
67        <activity
67-->[:unityLibrary] AndroidManifest.xml:47:9-82:20
68            android:name="com.unity3d.player.UnityPlayerGameActivity"
68-->[:unityLibrary] AndroidManifest.xml:48:13-70
69            android:configChanges="mcc|mnc|locale|touchscreen|keyboard|keyboardHidden|navigation|orientation|screenLayout|uiMode|screenSize|smallestScreenSize|fontScale|layoutDirection|density"
69-->[:unityLibrary] AndroidManifest.xml:49:13-194
70            android:enabled="true"
70-->[:unityLibrary] AndroidManifest.xml:50:13-35
71            android:exported="true"
71-->[:unityLibrary] AndroidManifest.xml:51:13-36
72            android:hardwareAccelerated="false"
72-->[:unityLibrary] AndroidManifest.xml:52:13-48
73            android:launchMode="singleTask"
73-->[:unityLibrary] AndroidManifest.xml:53:13-44
74            android:resizeableActivity="true"
74-->[:unityLibrary] AndroidManifest.xml:54:13-46
75            android:screenOrientation="fullUser"
75-->[:unityLibrary] AndroidManifest.xml:55:13-49
76            android:theme="@style/BaseUnityGameActivityTheme" >
76-->[:unityLibrary] AndroidManifest.xml:56:13-62
77            <intent-filter>
77-->[:unityLibrary] AndroidManifest.xml:57:13-61:29
78                <category android:name="android.intent.category.LAUNCHER" />
78-->[:unityLibrary] AndroidManifest.xml:58:17-77
78-->[:unityLibrary] AndroidManifest.xml:58:27-74
79
80                <action android:name="android.intent.action.MAIN" />
80-->[:unityLibrary] AndroidManifest.xml:60:17-69
80-->[:unityLibrary] AndroidManifest.xml:60:25-66
81            </intent-filter>
82
83            <meta-data
83-->[:unityLibrary] AndroidManifest.xml:63:13-65:40
84                android:name="unityplayer.UnityActivity"
84-->[:unityLibrary] AndroidManifest.xml:64:17-57
85                android:value="true" />
85-->[:unityLibrary] AndroidManifest.xml:65:17-37
86            <meta-data
86-->[:unityLibrary] AndroidManifest.xml:66:13-68:40
87                android:name="android.app.lib_name"
87-->[:unityLibrary] AndroidManifest.xml:67:17-52
88                android:value="game" />
88-->[:unityLibrary] AndroidManifest.xml:68:17-37
89            <meta-data
89-->[:unityLibrary] AndroidManifest.xml:69:13-71:71
90                android:name="WindowManagerPreference:FreeformWindowSize"
90-->[:unityLibrary] AndroidManifest.xml:70:17-74
91                android:value="@string/FreeformWindowSize_maximize" />
91-->[:unityLibrary] AndroidManifest.xml:71:17-68
92            <meta-data
92-->[:unityLibrary] AndroidManifest.xml:72:13-74:79
93                android:name="WindowManagerPreference:FreeformWindowOrientation"
93-->[:unityLibrary] AndroidManifest.xml:73:17-81
94                android:value="@string/FreeformWindowOrientation_landscape" />
94-->[:unityLibrary] AndroidManifest.xml:74:17-76
95            <meta-data
95-->[:unityLibrary] AndroidManifest.xml:75:13-77:40
96                android:name="notch_support"
96-->[:unityLibrary] AndroidManifest.xml:76:17-45
97                android:value="true" />
97-->[:unityLibrary] AndroidManifest.xml:77:17-37
98
99            <layout
99-->[:unityLibrary] AndroidManifest.xml:79:13-81:44
100                android:minHeight="300px"
100-->[:unityLibrary] AndroidManifest.xml:80:17-42
101                android:minWidth="400px" />
101-->[:unityLibrary] AndroidManifest.xml:81:17-41
102        </activity>
103
104        <provider
104-->[androidx.emoji2:emoji2:1.2.0] AndroidManifest.xml:24:9-32:20
105            android:name="androidx.startup.InitializationProvider"
105-->[androidx.emoji2:emoji2:1.2.0] AndroidManifest.xml:25:13-67
106            android:authorities="com.simon.simpybigtwo.androidx-startup"
106-->[androidx.emoji2:emoji2:1.2.0] AndroidManifest.xml:26:13-68
107            android:exported="false" >
107-->[androidx.emoji2:emoji2:1.2.0] AndroidManifest.xml:27:13-37
108            <meta-data
108-->[androidx.emoji2:emoji2:1.2.0] AndroidManifest.xml:29:13-31:52
109                android:name="androidx.emoji2.text.EmojiCompatInitializer"
109-->[androidx.emoji2:emoji2:1.2.0] AndroidManifest.xml:30:17-75
110                android:value="androidx.startup" />
110-->[androidx.emoji2:emoji2:1.2.0] AndroidManifest.xml:31:17-49
111            <meta-data
111-->[androidx.lifecycle:lifecycle-process:2.4.1] AndroidManifest.xml:31:13-33:52
112                android:name="androidx.lifecycle.ProcessLifecycleInitializer"
112-->[androidx.lifecycle:lifecycle-process:2.4.1] AndroidManifest.xml:32:17-78
113                android:value="androidx.startup" />
113-->[androidx.lifecycle:lifecycle-process:2.4.1] AndroidManifest.xml:33:17-49
114        </provider>
115    </application>
116
117</manifest>